[handleMsg]:  {
  key: {
    remoteJid: '34684071849@s.whatsapp.net',
    fromMe: false,
    id: 'F5A043F62CB77128B7E75D1FC3B546C9',
    participant: undefined
  },
  messageTimestamp: 1698919465,
  pushName: 'Gregorio el Técnico',
  broadcast: false,
  message: Message {
    extendedTextMessage: ExtendedTextMessage {
      text: 'Jfjf',
      previewType: 0,
      contextInfo: [ContextInfo],
      inviteLinkGroupTypeV2: 0
    },
    messageContextInfo: MessageContextInfo {
      deviceListMetadata: [DeviceListMetadata],
      deviceListMetadataVersion: 2
    }
  },
  verifiedBizName: 'Gregorio el Técnico',
  body: 'Jfjf',
  from: '34684071849'
}
[QUEUE_SE_ENVIO]:  {
  ref: 'ans_c3616078-d9c8-49d8-a6c3-dc6dfebcff3c',
  keyword: 'key_4340c1e5-51fe-4085-8e03-b21948ad2b0e',
  answer: 'PROBANDO CAPROVER',
  options: {
    media: null,
    buttons: [],
    capture: false,
    child: null,
    delay: 0,
    idle: null,
    ref: null,
    nested: [],
    keyword: {},
    callback: false
  },
  refSerialize: '954024c2c565489cfa6cbef5aa53fbb6'
}
